2021-06-24 12:10:21.617  INFO 6964 --- [main] c.i.o.OneToManyWebServiceApplication     : Starting OneToManyWebServiceApplication using Java 14.0.2 on LAPTOP-QIDSIQEG with PID 6964 (D:\Estudos\Angular e Spring\spring-boot-o2m-poc\one-to-many-web-service\target\classes started by igorm in D:\Estudos\Angular e Spring\spring-boot-o2m-poc\one-to-many-web-service)
2021-06-24 12:10:21.619  INFO 6964 --- [main] c.i.o.OneToManyWebServiceApplication     : No active profile set, falling back to default profiles: default
2021-06-24 12:10:22.249  INFO 6964 --- [main] .s.d.r.c.RepositoryConfigurationDelegate : Bootstrapping Spring Data JPA repositories in DEFAULT mode.
2021-06-24 12:10:22.296  INFO 6964 --- [main] .s.d.r.c.RepositoryConfigurationDelegate : Finished Spring Data repository scanning in 36 ms. Found 2 JPA repository interfaces.
2021-06-24 12:10:22.714  INFO 6964 --- [main] o.s.b.w.embedded.tomcat.TomcatWebServer  : Tomcat initialized with port(s): 8080 (http)
2021-06-24 12:10:22.723  INFO 6964 --- [main] o.apache.catalina.core.StandardService   : Starting service [Tomcat]
2021-06-24 12:10:22.723  INFO 6964 --- [main] org.apache.catalina.core.StandardEngine  : Starting Servlet engine: [Apache Tomcat/9.0.46]
2021-06-24 12:10:22.799  INFO 6964 --- [main] o.a.c.c.C.[Tomcat].[localhost].[/]       : Initializing Spring embedded WebApplicationContext
2021-06-24 12:10:22.799  INFO 6964 --- [main] w.s.c.ServletWebServerApplicationContext : Root WebApplicationContext: initialization completed in 1136 ms
2021-06-24 12:10:22.824  INFO 6964 --- [main] com.zaxxer.hikari.HikariDataSource       : HikariPool-1 - Starting...
2021-06-24 12:10:22.921  INFO 6964 --- [main] com.zaxxer.hikari.HikariDataSource       : HikariPool-1 - Start completed.
2021-06-24 12:10:22.926  INFO 6964 --- [main] o.s.b.a.h2.H2ConsoleAutoConfiguration    : H2 console available at '/h2'. Database available at 'jdbc:h2:mem:memDb'
2021-06-24 12:10:23.043  INFO 6964 --- [main] o.hibernate.jpa.internal.util.LogHelper  : HHH000204: Processing PersistenceUnitInfo [name: default]
2021-06-24 12:10:23.088  INFO 6964 --- [main] org.hibernate.Version                    : HHH000412: Hibernate ORM core version 5.4.32.Final
2021-06-24 12:10:23.204  INFO 6964 --- [main] o.hibernate.annotations.common.Version   : HCANN000001: Hibernate Commons Annotations {5.1.2.Final}
2021-06-24 12:10:23.303  INFO 6964 --- [main] org.hibernate.dialect.Dialect            : HHH000400: Using dialect: org.hibernate.dialect.H2Dialect
2021-06-24 12:10:23.746  INFO 6964 --- [main] o.h.e.t.j.p.i.JtaPlatformInitiator       : HHH000490: Using JtaPlatform implementation: [org.hibernate.engine.transaction.jta.platform.internal.NoJtaPlatform]
2021-06-24 12:10:23.752  INFO 6964 --- [main] j.LocalContainerEntityManagerFactoryBean : Initialized JPA EntityManagerFactory for persistence unit 'default'
2021-06-24 12:10:23.938  WARN 6964 --- [main] JpaBaseConfiguration$JpaWebConfiguration : spring.jpa.open-in-view is enabled by default. Therefore, database queries may be performed during view rendering. Explicitly configure spring.jpa.open-in-view to disable this warning
2021-06-24 12:10:24.191  INFO 6964 --- [main] o.s.b.w.embedded.tomcat.TomcatWebServer  : Tomcat started on port(s): 8080 (http) with context path ''
2021-06-24 12:10:24.200  INFO 6964 --- [main] c.i.o.OneToManyWebServiceApplication     : Started OneToManyWebServiceApplication in 2.942 seconds (JVM running for 3.829)
2021-06-24 16:25:24.754  INFO 1808 --- [main] .i.o.OneToManyWebServiceApplicationTests : Starting OneToManyWebServiceApplicationTests using Java 14.0.2 on LAPTOP-QIDSIQEG with PID 1808 (started by igorm in D:\Estudos\Angular e Spring\spring-boot-o2m-poc\one-to-many-web-service)
2021-06-24 16:25:24.844  INFO 1808 --- [main] .i.o.OneToManyWebServiceApplicationTests : No active profile set, falling back to default profiles: default
2021-06-24 16:25:26.068  INFO 1808 --- [main] .s.d.r.c.RepositoryConfigurationDelegate : Bootstrapping Spring Data JPA repositories in DEFAULT mode.
2021-06-24 16:25:26.132  INFO 1808 --- [main] .s.d.r.c.RepositoryConfigurationDelegate : Finished Spring Data repository scanning in 56 ms. Found 2 JPA repository interfaces.
2021-06-24 16:25:26.719  INFO 1808 --- [main] com.zaxxer.hikari.HikariDataSource       : HikariPool-1 - Starting...
2021-06-24 16:25:26.969  INFO 1808 --- [main] com.zaxxer.hikari.HikariDataSource       : HikariPool-1 - Start completed.
2021-06-24 16:25:27.159  INFO 1808 --- [main] o.hibernate.jpa.internal.util.LogHelper  : HHH000204: Processing PersistenceUnitInfo [name: default]
2021-06-24 16:25:27.243  INFO 1808 --- [main] org.hibernate.Version                    : HHH000412: Hibernate ORM core version 5.4.32.Final
2021-06-24 16:25:27.457  INFO 1808 --- [main] o.hibernate.annotations.common.Version   : HCANN000001: Hibernate Commons Annotations {5.1.2.Final}
2021-06-24 16:25:27.668  INFO 1808 --- [main] org.hibernate.dialect.Dialect            : HHH000400: Using dialect: org.hibernate.dialect.H2Dialect
2021-06-24 16:25:28.382  INFO 1808 --- [main] o.h.e.t.j.p.i.JtaPlatformInitiator       : HHH000490: Using JtaPlatform implementation: [org.hibernate.engine.transaction.jta.platform.internal.NoJtaPlatform]
2021-06-24 16:25:28.389  INFO 1808 --- [main] j.LocalContainerEntityManagerFactoryBean : Initialized JPA EntityManagerFactory for persistence unit 'default'
2021-06-24 16:25:29.207  WARN 1808 --- [main] JpaBaseConfiguration$JpaWebConfiguration : spring.jpa.open-in-view is enabled by default. Therefore, database queries may be performed during view rendering. Explicitly configure spring.jpa.open-in-view to disable this warning
2021-06-24 16:25:29.365  INFO 1808 --- [main] o.s.b.a.h2.H2ConsoleAutoConfiguration    : H2 console available at '/h2'. Database available at 'jdbc:h2:mem:memDb'
2021-06-24 16:25:30.815  INFO 1808 --- [main] .i.o.OneToManyWebServiceApplicationTests : Started OneToManyWebServiceApplicationTests in 6.383 seconds (JVM running for 7.401)
2021-06-24 16:25:31.082  INFO 1808 --- [SpringApplicationShutdownHook] j.LocalContainerEntityManagerFactoryBean : Closing JPA EntityManagerFactory for persistence unit 'default'
2021-06-24 16:25:31.084  INFO 1808 --- [SpringApplicationShutdownHook] .SchemaDropperImpl$DelayedDropActionImpl : HHH000477: Starting delayed evictData of schema as part of SessionFactory shut-down'
2021-06-24 16:25:31.290  INFO 1808 --- [SpringApplicationShutdownHook] com.zaxxer.hikari.HikariDataSource       : HikariPool-1 - Shutdown initiated...
2021-06-24 16:25:31.293  INFO 1808 --- [SpringApplicationShutdownHook] com.zaxxer.hikari.HikariDataSource       : HikariPool-1 - Shutdown completed.
2021-06-24 16:25:52.116  INFO 480 --- [main] c.i.o.OneToManyWebServiceApplication     : Starting OneToManyWebServiceApplication using Java 14.0.2 on LAPTOP-QIDSIQEG with PID 480 (D:\Estudos\Angular e Spring\spring-boot-o2m-poc\one-to-many-web-service\target\classes started by igorm in D:\Estudos\Angular e Spring\spring-boot-o2m-poc\one-to-many-web-service)
2021-06-24 16:25:52.118  INFO 480 --- [main] c.i.o.OneToManyWebServiceApplication     : No active profile set, falling back to default profiles: default
2021-06-24 16:25:52.738  INFO 480 --- [main] .s.d.r.c.RepositoryConfigurationDelegate : Bootstrapping Spring Data JPA repositories in DEFAULT mode.
2021-06-24 16:25:52.778  INFO 480 --- [main] .s.d.r.c.RepositoryConfigurationDelegate : Finished Spring Data repository scanning in 33 ms. Found 2 JPA repository interfaces.
2021-06-24 16:25:53.166  INFO 480 --- [main] o.s.b.w.embedded.tomcat.TomcatWebServer  : Tomcat initialized with port(s): 8080 (http)
2021-06-24 16:25:53.174  INFO 480 --- [main] o.apache.catalina.core.StandardService   : Starting service [Tomcat]
2021-06-24 16:25:53.174  INFO 480 --- [main] org.apache.catalina.core.StandardEngine  : Starting Servlet engine: [Apache Tomcat/9.0.46]
2021-06-24 16:25:53.265  INFO 480 --- [main] o.a.c.c.C.[Tomcat].[localhost].[/]       : Initializing Spring embedded WebApplicationContext
2021-06-24 16:25:53.265  INFO 480 --- [main] w.s.c.ServletWebServerApplicationContext : Root WebApplicationContext: initialization completed in 1107 ms
2021-06-24 16:25:53.292  INFO 480 --- [main] com.zaxxer.hikari.HikariDataSource       : HikariPool-1 - Starting...
2021-06-24 16:25:53.376  INFO 480 --- [main] com.zaxxer.hikari.HikariDataSource       : HikariPool-1 - Start completed.
2021-06-24 16:25:53.381  INFO 480 --- [main] o.s.b.a.h2.H2ConsoleAutoConfiguration    : H2 console available at '/h2'. Database available at 'jdbc:h2:mem:memDb'
2021-06-24 16:25:53.497  INFO 480 --- [main] o.hibernate.jpa.internal.util.LogHelper  : HHH000204: Processing PersistenceUnitInfo [name: default]
2021-06-24 16:25:53.532  INFO 480 --- [main] org.hibernate.Version                    : HHH000412: Hibernate ORM core version 5.4.32.Final
2021-06-24 16:25:53.617  INFO 480 --- [main] o.hibernate.annotations.common.Version   : HCANN000001: Hibernate Commons Annotations {5.1.2.Final}
2021-06-24 16:25:53.689  INFO 480 --- [main] org.hibernate.dialect.Dialect            : HHH000400: Using dialect: org.hibernate.dialect.H2Dialect
2021-06-24 16:25:54.139  INFO 480 --- [main] o.h.e.t.j.p.i.JtaPlatformInitiator       : HHH000490: Using JtaPlatform implementation: [org.hibernate.engine.transaction.jta.platform.internal.NoJtaPlatform]
2021-06-24 16:25:54.146  INFO 480 --- [main] j.LocalContainerEntityManagerFactoryBean : Initialized JPA EntityManagerFactory for persistence unit 'default'
2021-06-24 16:25:54.361  WARN 480 --- [main] JpaBaseConfiguration$JpaWebConfiguration : spring.jpa.open-in-view is enabled by default. Therefore, database queries may be performed during view rendering. Explicitly configure spring.jpa.open-in-view to disable this warning
2021-06-24 16:25:54.613  INFO 480 --- [main] o.s.b.w.embedded.tomcat.TomcatWebServer  : Tomcat started on port(s): 8080 (http) with context path ''
2021-06-24 16:25:54.622  INFO 480 --- [main] c.i.o.OneToManyWebServiceApplication     : Started OneToManyWebServiceApplication in 2.87 seconds (JVM running for 3.576)
2021-06-24 16:26:28.909  INFO 480 --- [http-nio-8080-exec-1] o.a.c.c.C.[Tomcat].[localhost].[/]       : Initializing Spring DispatcherServlet 'dispatcherServlet'
2021-06-24 16:26:28.910  INFO 480 --- [http-nio-8080-exec-1] o.s.web.servlet.DispatcherServlet        : Initializing Servlet 'dispatcherServlet'
2021-06-24 16:26:28.911  INFO 480 --- [http-nio-8080-exec-1] o.s.web.servlet.DispatcherServlet        : Completed initialization in 1 ms
2021-06-24 16:27:46.380  INFO 19440 --- [main] .i.o.OneToManyWebServiceApplicationTests : Starting OneToManyWebServiceApplicationTests using Java 14.0.2 on LAPTOP-QIDSIQEG with PID 19440 (started by igorm in D:\Estudos\Angular e Spring\spring-boot-o2m-poc\one-to-many-web-service)
2021-06-24 16:27:46.382  INFO 19440 --- [main] .i.o.OneToManyWebServiceApplicationTests : No active profile set, falling back to default profiles: default
2021-06-24 16:27:47.513  INFO 19440 --- [main] .s.d.r.c.RepositoryConfigurationDelegate : Bootstrapping Spring Data JPA repositories in DEFAULT mode.
2021-06-24 16:27:47.564  INFO 19440 --- [main] .s.d.r.c.RepositoryConfigurationDelegate : Finished Spring Data repository scanning in 41 ms. Found 2 JPA repository interfaces.
2021-06-24 16:27:48.157  INFO 19440 --- [main] com.zaxxer.hikari.HikariDataSource       : HikariPool-1 - Starting...
2021-06-24 16:27:48.364  INFO 19440 --- [main] com.zaxxer.hikari.HikariDataSource       : HikariPool-1 - Start completed.
2021-06-24 16:27:48.551  INFO 19440 --- [main] o.hibernate.jpa.internal.util.LogHelper  : HHH000204: Processing PersistenceUnitInfo [name: default]
2021-06-24 16:27:48.622  INFO 19440 --- [main] org.hibernate.Version                    : HHH000412: Hibernate ORM core version 5.4.32.Final
2021-06-24 16:27:48.768  INFO 19440 --- [main] o.hibernate.annotations.common.Version   : HCANN000001: Hibernate Commons Annotations {5.1.2.Final}
2021-06-24 16:27:48.926  INFO 19440 --- [main] org.hibernate.dialect.Dialect            : HHH000400: Using dialect: org.hibernate.dialect.H2Dialect
2021-06-24 16:27:49.596  INFO 19440 --- [main] o.h.e.t.j.p.i.JtaPlatformInitiator       : HHH000490: Using JtaPlatform implementation: [org.hibernate.engine.transaction.jta.platform.internal.NoJtaPlatform]
2021-06-24 16:27:49.609  INFO 19440 --- [main] j.LocalContainerEntityManagerFactoryBean : Initialized JPA EntityManagerFactory for persistence unit 'default'
2021-06-24 16:27:50.301  WARN 19440 --- [main] JpaBaseConfiguration$JpaWebConfiguration : spring.jpa.open-in-view is enabled by default. Therefore, database queries may be performed during view rendering. Explicitly configure spring.jpa.open-in-view to disable this warning
2021-06-24 16:27:50.435  INFO 19440 --- [main] o.s.b.a.h2.H2ConsoleAutoConfiguration    : H2 console available at '/h2'. Database available at 'jdbc:h2:mem:memDb'
2021-06-24 16:27:51.757  INFO 19440 --- [main] .i.o.OneToManyWebServiceApplicationTests : Started OneToManyWebServiceApplicationTests in 5.674 seconds (JVM running for 6.602)
2021-06-24 16:27:51.997  INFO 19440 --- [SpringApplicationShutdownHook] j.LocalContainerEntityManagerFactoryBean : Closing JPA EntityManagerFactory for persistence unit 'default'
2021-06-24 16:27:51.998  INFO 19440 --- [SpringApplicationShutdownHook] .SchemaDropperImpl$DelayedDropActionImpl : HHH000477: Starting delayed evictData of schema as part of SessionFactory shut-down'
2021-06-24 16:27:52.212  INFO 19440 --- [SpringApplicationShutdownHook] com.zaxxer.hikari.HikariDataSource       : HikariPool-1 - Shutdown initiated...
2021-06-24 16:27:52.214  INFO 19440 --- [SpringApplicationShutdownHook] com.zaxxer.hikari.HikariDataSource       : HikariPool-1 - Shutdown completed.
2021-06-24 16:28:18.492  INFO 1120 --- [main] c.i.o.OneToManyWebServiceApplication     : Starting OneToManyWebServiceApplication using Java 14.0.2 on LAPTOP-QIDSIQEG with PID 1120 (D:\Estudos\Angular e Spring\spring-boot-o2m-poc\one-to-many-web-service\target\classes started by igorm in D:\Estudos\Angular e Spring\spring-boot-o2m-poc\one-to-many-web-service)
2021-06-24 16:28:18.494  INFO 1120 --- [main] c.i.o.OneToManyWebServiceApplication     : No active profile set, falling back to default profiles: default
2021-06-24 16:28:19.046  INFO 1120 --- [main] .s.d.r.c.RepositoryConfigurationDelegate : Bootstrapping Spring Data JPA repositories in DEFAULT mode.
2021-06-24 16:28:19.084  INFO 1120 --- [main] .s.d.r.c.RepositoryConfigurationDelegate : Finished Spring Data repository scanning in 32 ms. Found 2 JPA repository interfaces.
2021-06-24 16:28:19.489  INFO 1120 --- [main] o.s.b.w.embedded.tomcat.TomcatWebServer  : Tomcat initialized with port(s): 8080 (http)
2021-06-24 16:28:19.496  INFO 1120 --- [main] o.apache.catalina.core.StandardService   : Starting service [Tomcat]
2021-06-24 16:28:19.496  INFO 1120 --- [main] org.apache.catalina.core.StandardEngine  : Starting Servlet engine: [Apache Tomcat/9.0.46]
2021-06-24 16:28:19.582  INFO 1120 --- [main] o.a.c.c.C.[Tomcat].[localhost].[/]       : Initializing Spring embedded WebApplicationContext
2021-06-24 16:28:19.582  INFO 1120 --- [main] w.s.c.ServletWebServerApplicationContext : Root WebApplicationContext: initialization completed in 1051 ms
2021-06-24 16:28:19.609  INFO 1120 --- [main] com.zaxxer.hikari.HikariDataSource       : HikariPool-1 - Starting...
2021-06-24 16:28:19.687  INFO 1120 --- [main] com.zaxxer.hikari.HikariDataSource       : HikariPool-1 - Start completed.
2021-06-24 16:28:19.692  INFO 1120 --- [main] o.s.b.a.h2.H2ConsoleAutoConfiguration    : H2 console available at '/h2'. Database available at 'jdbc:h2:mem:memDb'
2021-06-24 16:28:19.813  INFO 1120 --- [main] o.hibernate.jpa.internal.util.LogHelper  : HHH000204: Processing PersistenceUnitInfo [name: default]
2021-06-24 16:28:19.846  INFO 1120 --- [main] org.hibernate.Version                    : HHH000412: Hibernate ORM core version 5.4.32.Final
2021-06-24 16:28:19.924  INFO 1120 --- [main] o.hibernate.annotations.common.Version   : HCANN000001: Hibernate Commons Annotations {5.1.2.Final}
2021-06-24 16:28:19.997  INFO 1120 --- [main] org.hibernate.dialect.Dialect            : HHH000400: Using dialect: org.hibernate.dialect.H2Dialect
2021-06-24 16:28:20.441  INFO 1120 --- [main] o.h.e.t.j.p.i.JtaPlatformInitiator       : HHH000490: Using JtaPlatform implementation: [org.hibernate.engine.transaction.jta.platform.internal.NoJtaPlatform]
2021-06-24 16:28:20.448  INFO 1120 --- [main] j.LocalContainerEntityManagerFactoryBean : Initialized JPA EntityManagerFactory for persistence unit 'default'
2021-06-24 16:28:20.662  WARN 1120 --- [main] JpaBaseConfiguration$JpaWebConfiguration : spring.jpa.open-in-view is enabled by default. Therefore, database queries may be performed during view rendering. Explicitly configure spring.jpa.open-in-view to disable this warning
2021-06-24 16:28:20.932  INFO 1120 --- [main] o.s.b.w.embedded.tomcat.TomcatWebServer  : Tomcat started on port(s): 8080 (http) with context path ''
2021-06-24 16:28:20.942  INFO 1120 --- [main] c.i.o.OneToManyWebServiceApplication     : Started OneToManyWebServiceApplication in 2.793 seconds (JVM running for 3.378)
2021-06-24 16:28:31.912  INFO 1120 --- [http-nio-8080-exec-1] o.a.c.c.C.[Tomcat].[localhost].[/]       : Initializing Spring DispatcherServlet 'dispatcherServlet'
2021-06-24 16:28:31.913  INFO 1120 --- [http-nio-8080-exec-1] o.s.web.servlet.DispatcherServlet        : Initializing Servlet 'dispatcherServlet'
2021-06-24 16:28:31.914  INFO 1120 --- [http-nio-8080-exec-1] o.s.web.servlet.DispatcherServlet        : Completed initialization in 1 ms
